\BOOKMARK [1][-]{section.1}{Introduction}{}% 1
\BOOKMARK [1][-]{section.2}{Installation}{}% 2
\BOOKMARK [1][-]{section.3}{Command Line Options}{}% 3
\BOOKMARK [1][-]{section.4}{Examples}{}% 4
\BOOKMARK [2][-]{subsection.4.1}{Create a Phylogenetic Tree}{section.4}% 5
\BOOKMARK [2][-]{subsection.4.2}{Pimp Your Tree with Nicer Labels}{section.4}% 6
\BOOKMARK [2][-]{subsection.4.3}{Use a Specific Set of Mutation Rates}{section.4}% 7
\BOOKMARK [2][-]{subsection.4.4}{Calibrate Your Data}{section.4}% 8
\BOOKMARK [2][-]{subsection.4.5}{Count Mutations}{section.4}% 9
\BOOKMARK [2][-]{subsection.4.6}{Extract Data from a Spreadsheet}{section.4}% 10
\BOOKMARK [1][-]{section.5}{Technicalities}{}% 11
\BOOKMARK [2][-]{subsection.5.1}{Source Code Documentation}{section.5}% 12
\BOOKMARK [2][-]{subsection.5.2}{Mutation Model}{section.5}% 13
\BOOKMARK [2][-]{subsection.5.3}{Mutation Rates}{section.5}% 14
\BOOKMARK [2][-]{subsection.5.4}{CSV Input Format}{section.5}% 15
\BOOKMARK [2][-]{subsection.5.5}{Text Format}{section.5}% 16
\BOOKMARK [2][-]{subsection.5.6}{PHYLIP Format}{section.5}% 17
\BOOKMARK [1][-]{section.6}{Theory}{}% 18
\BOOKMARK [2][-]{subsection.6.1}{Haplogroups}{section.6}% 19
\BOOKMARK [2][-]{subsection.6.2}{Haplotypes}{section.6}% 20
\BOOKMARK [2][-]{subsection.6.3}{Phylogenetic Trees}{section.6}% 21
\BOOKMARK [2][-]{subsection.6.4}{Genetic Distance}{section.6}% 22
\BOOKMARK [2][-]{subsection.6.5}{Modal Haplotype}{section.6}% 23
\BOOKMARK [2][-]{subsection.6.6}{Age Calculation}{section.6}% 24
\BOOKMARK [3][-]{subsubsection.6.6.1}{Mutation Counting}{subsection.6.6}% 25
\BOOKMARK [2][-]{subsection.6.7}{From Distances to Trees}{section.6}% 26
\BOOKMARK [1][-]{section*.5}{References}{}% 27
